This is pdfTeX, Version 3.14159265-2.6-1.40.17 (TeX Live 2016) (preloaded format=pdflatex 2016.5.22)  22 AUG 2016 00:21
entering extended mode
 restricted \write18 enabled.
 %&-line parsing enabled.
**paper.tex
(./paper.tex
LaTeX2e <2016/03/31>
Babel <3.9r> and hyphenation patterns for 83 language(s) loaded.
(./llncs.cls
Document Class: llncs 2014/03/31 v2.19 
 LaTeX document class for Lecture Notes in Computer Science
(/usr/local/texlive/2016/texmf-dist/tex/latex/base/article.cls
Document Class: article 2014/09/29 v1.4h Standard LaTeX document class
(/usr/local/texlive/2016/texmf-dist/tex/latex/base/size10.clo
File: size10.clo 2014/09/29 v1.4h Standard LaTeX file (size option)
)
\c@part=\count79
\c@section=\count80
\c@subsection=\count81
\c@subsubsection=\count82
\c@paragraph=\count83
\c@subparagraph=\count84
\c@figure=\count85
\c@table=\count86
\abovecaptionskip=\skip41
\belowcaptionskip=\skip42
\bibindent=\dimen102
)
(/usr/local/texlive/2016/texmf-dist/tex/latex/tools/multicol.sty
Package: multicol 2016/04/07 v1.8p multicolumn formatting (FMi)
\c@tracingmulticols=\count87
\mult@box=\box26
\multicol@leftmargin=\dimen103
\c@unbalance=\count88
\c@collectmore=\count89
\doublecol@number=\count90
\multicoltolerance=\count91
\multicolpretolerance=\count92
\full@width=\dimen104
\page@free=\dimen105
\premulticols=\dimen106
\postmulticols=\dimen107
\multicolsep=\skip43
\multicolbaselineskip=\skip44
\partial@page=\box27
\last@line=\box28
\maxbalancingoverflow=\dimen108
\mult@rightbox=\box29
\mult@grightbox=\box30
\mult@gfirstbox=\box31
\mult@firstbox=\box32
\@tempa=\box33
\@tempa=\box34
\@tempa=\box35
\@tempa=\box36
\@tempa=\box37
\@tempa=\box38
\@tempa=\box39
\@tempa=\box40
\@tempa=\box41
\@tempa=\box42
\@tempa=\box43
\@tempa=\box44
\@tempa=\box45
\@tempa=\box46
\@tempa=\box47
\@tempa=\box48
\@tempa=\box49
\c@columnbadness=\count93
\c@finalcolumnbadness=\count94
\last@try=\dimen109
\multicolovershoot=\dimen110
\multicolundershoot=\dimen111
\mult@nat@firstbox=\box50
\colbreak@box=\box51
\mc@col@check@num=\count95
)
(./aliascnt.sty
Package: aliascnt 2009/09/08 v1.3 Alias counter (HO)
 (./remreset.sty))
\c@chapter=\count96
LaTeX Font Info:    Redeclaring math symbol \Gamma on input line 362.
LaTeX Font Info:    Redeclaring math symbol \Delta on input line 363.
LaTeX Font Info:    Redeclaring math symbol \Theta on input line 364.
LaTeX Font Info:    Redeclaring math symbol \Lambda on input line 365.
LaTeX Font Info:    Redeclaring math symbol \Xi on input line 366.
LaTeX Font Info:    Redeclaring math symbol \Pi on input line 367.
LaTeX Font Info:    Redeclaring math symbol \Sigma on input line 368.
LaTeX Font Info:    Redeclaring math symbol \Upsilon on input line 369.
LaTeX Font Info:    Redeclaring math symbol \Phi on input line 370.
LaTeX Font Info:    Redeclaring math symbol \Psi on input line 371.
LaTeX Font Info:    Redeclaring math symbol \Omega on input line 372.
\tocchpnum=\dimen112
\tocsecnum=\dimen113
\tocsectotal=\dimen114
\tocsubsecnum=\dimen115
\tocsubsectotal=\dimen116
\tocsubsubsecnum=\dimen117
\tocsubsubsectotal=\dimen118
\tocparanum=\dimen119
\tocparatotal=\dimen120
\tocsubparanum=\dimen121
\@tempcntc=\count97
\fnindent=\dimen122
\c@@inst=\count98
\c@@auth=\count99
\c@auco=\count100
\instindent=\dimen123
\authrun=\box52
\authorrunning=\toks14
\tocauthor=\toks15
\titrun=\box53
\titlerunning=\toks16
\toctitle=\toks17
\c@theorem=\count101
\c@case=\count102
\c@conjecture=\count103
\c@corollary=\count104
\c@definition=\count105
\c@example=\count106
\c@exercise=\count107
\c@lemma=\count108
\c@note=\count109
\c@problem=\count110
\c@property=\count111
\c@proposition=\count112
\c@question=\count113
\c@solution=\count114
\c@remark=\count115
\headlineindent=\dimen124
)
(/usr/local/texlive/2016/texmf-dist/tex/latex/geometry/geometry.sty
Package: geometry 2010/09/12 v5.6 Page Geometry

(/usr/local/texlive/2016/texmf-dist/tex/latex/graphics/keyval.sty
Package: keyval 2014/10/28 v1.15 key=value parser (DPC)
\KV@toks@=\toks18
)
(/usr/local/texlive/2016/texmf-dist/tex/generic/oberdiek/ifpdf.sty
Package: ifpdf 2016/05/14 v3.1 Provides the ifpdf switch
)
(/usr/local/texlive/2016/texmf-dist/tex/generic/oberdiek/ifvtex.sty
Package: ifvtex 2016/05/16 v1.6 Detect VTeX and its facilities (HO)
Package ifvtex Info: VTeX not detected.
)
(/usr/local/texlive/2016/texmf-dist/tex/generic/ifxetex/ifxetex.sty
Package: ifxetex 2010/09/12 v0.6 Provides ifxetex conditional
)
\Gm@cnth=\count116
\Gm@cntv=\count117
\c@Gm@tempcnt=\count118
\Gm@bindingoffset=\dimen125
\Gm@wd@mp=\dimen126
\Gm@odd@mp=\dimen127
\Gm@even@mp=\dimen128
\Gm@layoutwidth=\dimen129
\Gm@layoutheight=\dimen130
\Gm@layouthoffset=\dimen131
\Gm@layoutvoffset=\dimen132
\Gm@dimlist=\toks19
)
(/usr/local/texlive/2016/texmf-dist/tex/latex/floatrow/floatrow.sty
Package: floatrow 2008/08/02 v0.3b floatrow: float package extension

(/usr/local/texlive/2016/texmf-dist/tex/latex/caption/caption3.sty
Package: caption3 2016/02/04 v1.7-139 caption3 kernel (AR)
Package caption3 Info: TeX engine: e-TeX on input line 67.
\captionmargin=\dimen133
\captionmargin@=\dimen134
\captionwidth=\dimen135
\caption@tempdima=\dimen136
\caption@indent=\dimen137
\caption@parindent=\dimen138
\caption@hangindent=\dimen139
Package caption Info: Unknown document class (or package),
(caption)             standard defaults will be used.
)
\c@float@type=\count119
\float@exts=\toks20
\float@box=\box54
\@floatcapt=\box55
Package floatrow Info: Modified float package code loaded on input line 455.
Package floatrow Info: Modified rotfloat package code loaded on input line 473.

\FR@everyfloat=\toks21
\flrow@foot=\insert199
\FB@wd=\dimen140
\FBo@wd=\dimen141
\FBc@wd=\dimen142
\FBo@ht=\skip45
\FBc@ht=\skip46
\FBf@ht=\skip47
\FBo@max=\skip48
\FBc@max=\skip49
\FBf@max=\skip50
\c@FBl@b=\count120
\floatbox@depth=\count121
\c@FRobj=\count122
\c@FRsobj=\count123
\Xhsize=\skip51
\sXhsize=\skip52
\Zhsize=\skip53
\sZhsize=\skip54
\flrow@rowbox=\box56
\FR@Zunitlength=\dimen143
\c@FBcnt=\count124
\FPOScnt=\count125
\LTleft=\skip55
\LTright=\skip56
\LTleft=\skip57
\LTright=\skip58
\flrow@types=\toks22
)
(/usr/local/texlive/2016/texmf-dist/tex/latex/graphics/graphicx.sty
Package: graphicx 2014/10/28 v1.0g Enhanced LaTeX Graphics (DPC,SPQR)

(/usr/local/texlive/2016/texmf-dist/tex/latex/graphics/graphics.sty
Package: graphics 2016/05/09 v1.0r Standard LaTeX Graphics (DPC,SPQR)

(/usr/local/texlive/2016/texmf-dist/tex/latex/graphics/trig.sty
Package: trig 2016/01/03 v1.10 sin cos tan (DPC)
)
(/usr/local/texlive/2016/texmf-dist/tex/latex/graphics-cfg/graphics.cfg
File: graphics.cfg 2016/01/02 v1.10 sample graphics configuration
)
Package graphics Info: Driver file: pdftex.def on input line 96.

(/usr/local/texlive/2016/texmf-dist/tex/latex/pdftex-def/pdftex.def
File: pdftex.def 2011/05/27 v0.06d Graphics/color for pdfTeX

(/usr/local/texlive/2016/texmf-dist/tex/generic/oberdiek/infwarerr.sty
Package: infwarerr 2016/05/16 v1.4 Providing info/warning/error messages (HO)
)
(/usr/local/texlive/2016/texmf-dist/tex/generic/oberdiek/ltxcmds.sty
Package: ltxcmds 2016/05/16 v1.23 LaTeX kernel commands for general use (HO)
)
\Gread@gobject=\count126
))
\Gin@req@height=\dimen144
\Gin@req@width=\dimen145
)
(/usr/local/texlive/2016/texmf-dist/tex/latex/amsfonts/amssymb.sty
Package: amssymb 2013/01/14 v3.01 AMS font symbols

(/usr/local/texlive/2016/texmf-dist/tex/latex/amsfonts/amsfonts.sty
Package: amsfonts 2013/01/14 v3.01 Basic AMSFonts support
\@emptytoks=\toks23
\symAMSa=\mathgroup4
\symAMSb=\mathgroup5
LaTeX Font Info:    Overwriting math alphabet `\mathfrak' in version `bold'
(Font)                  U/euf/m/n --> U/euf/b/n on input line 106.
))
(/usr/local/texlive/2016/texmf-dist/tex/latex/amsmath/amsmath.sty
Package: amsmath 2016/03/10 v2.15b AMS math features
\@mathmargin=\skip59

For additional information on amsmath, use the `?' option.
(/usr/local/texlive/2016/texmf-dist/tex/latex/amsmath/amstext.sty
Package: amstext 2000/06/29 v2.01 AMS text

(/usr/local/texlive/2016/texmf-dist/tex/latex/amsmath/amsgen.sty
File: amsgen.sty 1999/11/30 v2.0 generic functions
\@emptytoks=\toks24
\ex@=\dimen146
))
(/usr/local/texlive/2016/texmf-dist/tex/latex/amsmath/amsbsy.sty
Package: amsbsy 1999/11/29 v1.2d Bold Symbols
\pmbraise@=\dimen147
)
(/usr/local/texlive/2016/texmf-dist/tex/latex/amsmath/amsopn.sty
Package: amsopn 2016/03/08 v2.02 operator names
)
\inf@bad=\count127
LaTeX Info: Redefining \frac on input line 199.
\uproot@=\count128
\leftroot@=\count129
LaTeX Info: Redefining \overline on input line 297.
\classnum@=\count130
\DOTSCASE@=\count131
LaTeX Info: Redefining \ldots on input line 394.
LaTeX Info: Redefining \dots on input line 397.
LaTeX Info: Redefining \cdots on input line 518.
\Mathstrutbox@=\box57
\strutbox@=\box58
\big@size=\dimen148
LaTeX Font Info:    Redeclaring font encoding OML on input line 634.
LaTeX Font Info:    Redeclaring font encoding OMS on input line 635.


Package amsmath Warning: Unable to redefine math accent \vec.

\macc@depth=\count132
\c@MaxMatrixCols=\count133
\dotsspace@=\muskip10
\c@parentequation=\count134
\dspbrk@lvl=\count135
\tag@help=\toks25
\row@=\count136
\column@=\count137
\maxfields@=\count138
\andhelp@=\toks26
\eqnshift@=\dimen149
\alignsep@=\dimen150
\tagshift@=\dimen151
\tagwidth@=\dimen152
\totwidth@=\dimen153
\lineht@=\dimen154
\@envbody=\toks27
\multlinegap=\skip60
\multlinetaggap=\skip61
\mathdisplay@stack=\toks28
LaTeX Info: Redefining \[ on input line 2739.
LaTeX Info: Redefining \] on input line 2740.
) (/usr/local/texlive/2016/texmf-dist/tex/latex/algorithms/algorithm.sty
Package: algorithm 2009/08/24 v0.1 Document Style `algorithm' - floating enviro
nment

(/usr/local/texlive/2016/texmf-dist/tex/latex/base/ifthen.sty
Package: ifthen 2014/09/29 v1.1c Standard LaTeX ifthen package (DPC)
)
\c@algorithm=\count139
)
(/usr/local/texlive/2016/texmf-dist/tex/latex/algorithms/algorithmic.sty
Package: algorithmic 2009/08/24 v0.1 Document Style `algorithmic'
\c@ALC@unique=\count140
\c@ALC@line=\count141
\c@ALC@rem=\count142
\c@ALC@depth=\count143
\ALC@tlm=\skip62
\algorithmicindent=\skip63
)
(/usr/local/texlive/2016/texmf-dist/tex/latex/booktabs/booktabs.sty
Package: booktabs 2016/04/27 v1.618033 publication quality tables
\heavyrulewidth=\dimen155
\lightrulewidth=\dimen156
\cmidrulewidth=\dimen157
\belowrulesep=\dimen158
\belowbottomsep=\dimen159
\aboverulesep=\dimen160
\abovetopsep=\dimen161
\cmidrulesep=\dimen162
\cmidrulekern=\dimen163
\defaultaddspace=\dimen164
\@cmidla=\count144
\@cmidlb=\count145
\@aboverulesep=\dimen165
\@belowrulesep=\dimen166
\@thisruleclass=\count146
\@lastruleclass=\count147
\@thisrulewidth=\dimen167
)
(/usr/local/texlive/2016/texmf-dist/tex/latex/subfigure/subfigure.sty
Package: subfigure 2002/03/15 v2.1.5 subfigure package
\subfigtopskip=\skip64
\subfigcapskip=\skip65
\subfigcaptopadj=\dimen168
\subfigbottomskip=\skip66
\subfigcapmargin=\dimen169
\subfiglabelskip=\skip67
\c@subfigure=\count148
\c@lofdepth=\count149
\c@subtable=\count150
\c@lotdepth=\count151

****************************************
* Local config file subfigure.cfg used *
****************************************
(/usr/local/texlive/2016/texmf-dist/tex/latex/subfigure/subfigure.cfg)
\subfig@top=\skip68
\subfig@bottom=\skip69
)
(/usr/local/texlive/2016/texmf-dist/tex/latex/natbib/natbib.sty
Package: natbib 2010/09/13 8.31b (PWD, AO)
\bibhang=\skip70
\bibsep=\skip71
LaTeX Info: Redefining \cite on input line 694.
\c@NAT@ctr=\count152
)
(/usr/local/texlive/2016/texmf-dist/tex/latex/caption/caption.sty
Package: caption 2016/02/21 v3.3-144 Customizing captions (AR)


Package caption Warning: Unsupported document class (or package) detected,
(caption)                usage of the caption package is not recommended.
See the caption package documentation for explanation.

Package caption Info: \@makecaption = \long macro:#1#2->\small \vskip \abovecap
tionskip \sbox \@tempboxa {{\bfseries #1.} #2}\ifdim \wd \@tempboxa >\hsize {\b
fseries #1.} #2\par \else \global \@minipagefalse \hb@xt@ \hsize {\hfil \box \@
tempboxa \hfil }\fi \vskip \belowcaptionskip .
\c@ContinuedFloat=\count153
Package caption Info: float package is loaded.
Package caption Info: floatrow package is loaded.
Package caption Info: subfigure package is loaded.
) (/usr/local/texlive/2016/texmf-dist/tex/latex/multirow/multirow.sty
\bigstrutjot=\dimen170
)
(/usr/local/texlive/2016/texmf-dist/tex/latex/url/url.sty
\Urlmuskip=\muskip11
Package: url 2013/09/16  ver 3.4  Verb mode for urls, etc.
) (./paper.aux)
\openout1 = `paper.aux'.

LaTeX Font Info:    Checking defaults for OML/cmm/m/it on input line 37.
LaTeX Font Info:    ... okay on input line 37.
LaTeX Font Info:    Checking defaults for T1/cmr/m/n on input line 37.
LaTeX Font Info:    ... okay on input line 37.
LaTeX Font Info:    Checking defaults for OT1/cmr/m/n on input line 37.
LaTeX Font Info:    ... okay on input line 37.
LaTeX Font Info:    Checking defaults for OMS/cmsy/m/n on input line 37.
LaTeX Font Info:    ... okay on input line 37.
LaTeX Font Info:    Checking defaults for OMX/cmex/m/n on input line 37.
LaTeX Font Info:    ... okay on input line 37.
LaTeX Font Info:    Checking defaults for U/cmr/m/n on input line 37.
LaTeX Font Info:    ... okay on input line 37.

*geometry* driver: auto-detecting
*geometry* detected driver: pdftex
*geometry* verbose mode - [ preamble ] result:
* driver: pdftex
* paper: a4paper
* layout: <same size as paper>
* layoutoffset:(h,v)=(0.0pt,0.0pt)
* modes: twoside 
* h-part:(L,W,R)=(72.26999pt, 452.9679pt, 72.26999pt)
* v-part:(T,H,B)=(93.95122pt, 657.14441pt, 93.95122pt)
* \paperwidth=597.50787pt
* \paperheight=845.04684pt
* \textwidth=452.9679pt
* \textheight=657.14441pt
* \oddsidemargin=0.0pt
* \evensidemargin=0.0pt
* \topmargin=-6.31877pt
* \headheight=12.0pt
* \headsep=16.0pt
* \topskip=10.0pt
* \footskip=30.0pt
* \marginparwidth=90.0pt
* \marginparsep=11.0pt
* \columnsep=10.0pt
* \skip\footins=9.0pt plus 4.0pt minus 2.0pt
* \hoffset=0.0pt
* \voffset=0.0pt
* \mag=1000
* \@twocolumnfalse
* \@twosidetrue
* \@mparswitchtrue
* \@reversemarginfalse
* (1in=72.27pt=25.4mm, 1cm=28.453pt)

Package caption Info: Begin \AtBeginDocument code.
Package caption Info: floatrow package is loaded.
Package caption Info: End \AtBeginDocument code.
(/usr/local/texlive/2016/texmf-dist/tex/latex/graphics/color.sty
Package: color 2016/05/09 v1.1c Standard LaTeX Color (DPC)

(/usr/local/texlive/2016/texmf-dist/tex/latex/graphics-cfg/color.cfg
File: color.cfg 2016/01/02 v1.6 sample color configuration
)
Package color Info: Driver file: pdftex.def on input line 144.
)
(/usr/local/texlive/2016/texmf-dist/tex/context/base/mkii/supp-pdf.mkii
[Loading MPS to PDF converter (version 2006.09.02).]
\scratchcounter=\count154
\scratchdimen=\dimen171
\scratchbox=\box59
\nofMPsegments=\count155
\nofMParguments=\count156
\everyMPshowfont=\toks29
\MPscratchCnt=\count157
\MPscratchDim=\dimen172
\MPnumerator=\count158
\makeMPintoPDFobject=\count159
\everyMPtoPDFconversion=\toks30
) (/usr/local/texlive/2016/texmf-dist/tex/generic/oberdiek/pdftexcmds.sty
Package: pdftexcmds 2016/05/10 v0.21 Utility functions of pdfTeX for LuaTeX (HO
)

(/usr/local/texlive/2016/texmf-dist/tex/generic/oberdiek/ifluatex.sty
Package: ifluatex 2016/05/16 v1.4 Provides the ifluatex switch (HO)
Package ifluatex Info: LuaTeX not detected.
)
Package pdftexcmds Info: LuaTeX not detected.
Package pdftexcmds Info: \pdf@primitive is available.
Package pdftexcmds Info: \pdf@ifprimitive is available.
Package pdftexcmds Info: \pdfdraftmode found.
)
(/usr/local/texlive/2016/texmf-dist/tex/latex/oberdiek/epstopdf-base.sty
Package: epstopdf-base 2016/05/15 v2.6 Base part for package epstopdf

(/usr/local/texlive/2016/texmf-dist/tex/latex/oberdiek/grfext.sty
Package: grfext 2016/05/16 v1.2 Manage graphics extensions (HO)

(/usr/local/texlive/2016/texmf-dist/tex/generic/oberdiek/kvdefinekeys.sty
Package: kvdefinekeys 2016/05/16 v1.4 Define keys (HO)
))
(/usr/local/texlive/2016/texmf-dist/tex/latex/oberdiek/kvoptions.sty
Package: kvoptions 2016/05/16 v3.12 Key value format for package options (HO)

(/usr/local/texlive/2016/texmf-dist/tex/generic/oberdiek/kvsetkeys.sty
Package: kvsetkeys 2016/05/16 v1.17 Key value parser (HO)

(/usr/local/texlive/2016/texmf-dist/tex/generic/oberdiek/etexcmds.sty
Package: etexcmds 2016/05/16 v1.6 Avoid name clashes with e-TeX commands (HO)
Package etexcmds Info: Could not find \expanded.
(etexcmds)             That can mean that you are not using pdfTeX 1.50 or
(etexcmds)             that some package has redefined \expanded.
(etexcmds)             In the latter case, load this package earlier.
)))
Package grfext Info: Graphics extension search list:
(grfext)             [.png,.pdf,.jpg,.mps,.jpeg,.jbig2,.jb2,.PNG,.PDF,.JPG,.JPE
G,.JBIG2,.JB2,.eps]
(grfext)             \AppendGraphicsExtensions on input line 456.

(/usr/local/texlive/2016/texmf-dist/tex/latex/latexconfig/epstopdf-sys.cfg
File: epstopdf-sys.cfg 2010/07/13 v1.3 Configuration of (r)epstopdf for TeX Liv
e
))
LaTeX Font Info:    Try loading font information for U+msa on input line 60.

(/usr/local/texlive/2016/texmf-dist/tex/latex/amsfonts/umsa.fd
File: umsa.fd 2013/01/14 v3.01 AMS symbols A
)
LaTeX Font Info:    Try loading font information for U+msb on input line 60.

(/usr/local/texlive/2016/texmf-dist/tex/latex/amsfonts/umsb.fd
File: umsb.fd 2013/01/14 v3.01 AMS symbols B
) [1


{/usr/local/texlive/2016/texmf-var/fonts/map/pdftex/updmap/pdftex.map}]

LaTeX Warning: File `fig1.eps' not found on input line 131.

Package epstopdf Info: Source file: <fig1.eps>
(epstopdf)             Output file: <fig1-eps-converted-to.pdf>
(epstopdf)                    date: 2016-08-21 12:41:04
(epstopdf)                    size: 507807 bytes
(epstopdf)             Command: <repstopdf --outfile=fig1-eps-converted-to.pdf 
fig1.eps>
(epstopdf)             \includegraphics on input line 131.
Package epstopdf Info: Output file is already uptodate.
<fig1-eps-converted-to.pdf, id=18, 722.7pt x 542.025pt>
File: fig1-eps-converted-to.pdf Graphic file (type pdf)

<use fig1-eps-converted-to.pdf>
Package pdftex.def Info: fig1-eps-converted-to.pdf used on input line 131.
(pdftex.def)             Requested size: 200.86774pt x 92.486pt.

Overfull \hbox (69.5101pt too wide) in paragraph at lines 131--131
 [][] 
 []


Underfull \hbox (badness 3291) in paragraph at lines 131--131
\OT1/cmr/m/n/9 dif-fer-ent virus species. Edges
 []


LaTeX Warning: File `fig1.eps' not found on input line 131.

Package epstopdf Info: Source file: <fig1.eps>
(epstopdf)             Output file: <fig1-eps-converted-to.pdf>
(epstopdf)                    date: 2016-08-21 12:41:04
(epstopdf)                    size: 507807 bytes
(epstopdf)             Command: <repstopdf --outfile=fig1-eps-converted-to.pdf 
fig1.eps>
(epstopdf)             \includegraphics on input line 131.
Package epstopdf Info: Output file is already uptodate.
File: fig1-eps-converted-to.pdf Graphic file (type pdf)
<use fig1-eps-converted-to.pdf>
Package pdftex.def Info: fig1-eps-converted-to.pdf used on input line 131.
(pdftex.def)             Requested size: 200.86774pt x 92.486pt.

Overfull \hbox (69.5101pt too wide) in paragraph at lines 131--131
 [][] 
 []


Underfull \hbox (badness 3291) in paragraph at lines 131--131
\OT1/cmr/m/n/9 dif-fer-ent virus species. Edges
 []


Overfull \hbox (3.47633pt too wide) in paragraph at lines 158--158
 [][] 
 []


Overfull \hbox (3.47633pt too wide) in paragraph at lines 158--158
 [][] 
 []


Overfull \hbox (0.93869pt too wide) detected at line 159
 [] 
 []

[2 <./fig1-eps-converted-to.pdf>]
Underfull \hbox (badness 10000) in paragraph at lines 191--192

 []

[3] [4] [5]

Package natbib Warning: Citation `malsar' on page 6 undefined on input line 349
.

[6]

LaTeX Warning: Reference `' on page 7 undefined on input line 407.

[7] <ebolanet.pdf, id=49, 505.89pt x 505.89pt>
File: ebolanet.pdf Graphic file (type pdf)
 <use ebolanet.pdf>
Package pdftex.def Info: ebolanet.pdf used on input line 472.
(pdftex.def)             Requested size: 116.23682pt x 116.30608pt.

Overfull \hbox (16.58333pt too wide) in paragraph at lines 472--472
 [][] 
 []

File: ebolanet.pdf Graphic file (type pdf)
<use ebolanet.pdf>
Package pdftex.def Info: ebolanet.pdf used on input line 472.
(pdftex.def)             Requested size: 116.23682pt x 116.30608pt.

Overfull \hbox (16.58333pt too wide) in paragraph at lines 472--472
 [][] 
 []

<flavinet.pdf, id=50, 505.89pt x 505.89pt>
File: flavinet.pdf Graphic file (type pdf)
 <use flavinet.pdf>
Package pdftex.def Info: flavinet.pdf used on input line 472.
(pdftex.def)             Requested size: 166.8117pt x 166.8117pt.

Overfull \hbox (17.33148pt too wide) in paragraph at lines 472--472
 [][] 
 []

File: flavinet.pdf Graphic file (type pdf)
<use flavinet.pdf>
Package pdftex.def Info: flavinet.pdf used on input line 472.
(pdftex.def)             Requested size: 166.8117pt x 166.8117pt.

Overfull \hbox (17.33148pt too wide) in paragraph at lines 472--472
 [][] 
 []

<flunet.pdf, id=51, 505.89pt x 505.89pt>
File: flunet.pdf Graphic file (type pdf)
 <use flunet.pdf>
Package pdftex.def Info: flunet.pdf used on input line 472.
(pdftex.def)             Requested size: 176.92361pt x 176.92361pt.

Overfull \hbox (22.9162pt too wide) in paragraph at lines 472--472
 [][] 
 []

File: flunet.pdf Graphic file (type pdf)
<use flunet.pdf>
Package pdftex.def Info: flunet.pdf used on input line 472.
(pdftex.def)             Requested size: 176.92361pt x 176.92361pt.

Overfull \hbox (22.9162pt too wide) in paragraph at lines 472--472
 [][] 
 []

File: ebolanet.pdf Graphic file (type pdf)
<use ebolanet.pdf>
Package pdftex.def Info: ebolanet.pdf used on input line 472.
(pdftex.def)             Requested size: 116.23682pt x 116.30608pt.

Overfull \hbox (16.58333pt too wide) in paragraph at lines 472--472
 [][] 
 []

File: ebolanet.pdf Graphic file (type pdf)
<use ebolanet.pdf>
Package pdftex.def Info: ebolanet.pdf used on input line 472.
(pdftex.def)             Requested size: 116.23682pt x 116.30608pt.

Overfull \hbox (16.58333pt too wide) in paragraph at lines 472--472
 [][] 
 []

File: flavinet.pdf Graphic file (type pdf)
<use flavinet.pdf>
Package pdftex.def Info: flavinet.pdf used on input line 472.
(pdftex.def)             Requested size: 166.8117pt x 166.8117pt.

Overfull \hbox (17.33148pt too wide) in paragraph at lines 472--472
 [][] 
 []

File: flavinet.pdf Graphic file (type pdf)
<use flavinet.pdf>
Package pdftex.def Info: flavinet.pdf used on input line 472.
(pdftex.def)             Requested size: 166.8117pt x 166.8117pt.

Overfull \hbox (17.33148pt too wide) in paragraph at lines 472--472
 [][] 
 []

File: flunet.pdf Graphic file (type pdf)
<use flunet.pdf>
Package pdftex.def Info: flunet.pdf used on input line 472.
(pdftex.def)             Requested size: 176.92361pt x 176.92361pt.

Overfull \hbox (22.9162pt too wide) in paragraph at lines 472--472
 [][] 
 []

File: flunet.pdf Graphic file (type pdf)
<use flunet.pdf>
Package pdftex.def Info: flunet.pdf used on input line 472.
(pdftex.def)             Requested size: 176.92361pt x 176.92361pt.

Overfull \hbox (22.9162pt too wide) in paragraph at lines 472--472
 [][] 
 []


LaTeX Warning: Reference `fig:pca' on page 8 undefined on input line 484.


LaTeX Warning: Reference `fig:pca' on page 8 undefined on input line 486.


LaTeX Warning: Reference `fig:pca' on page 8 undefined on input line 486.

[8 <./ebolanet.pdf> <./flavinet.pdf> <./flunet.pdf>]

LaTeX Warning: File `fig2.eps' not found on input line 497.

Package epstopdf Info: Source file: <fig2.eps>
(epstopdf)             Output file: <fig2-eps-converted-to.pdf>
(epstopdf)                    date: 2016-08-21 12:41:04
(epstopdf)                    size: 35991 bytes
(epstopdf)             Command: <repstopdf --outfile=fig2-eps-converted-to.pdf 
fig2.eps>
(epstopdf)             \includegraphics on input line 497.
Package epstopdf Info: Output file is already uptodate.
<fig2-eps-converted-to.pdf, id=76, 419.5675pt x 305.14pt>
File: fig2-eps-converted-to.pdf Graphic file (type pdf)

<use fig2-eps-converted-to.pdf>
Package pdftex.def Info: fig2-eps-converted-to.pdf used on input line 497.
(pdftex.def)             Requested size: 146.85081pt x 98.83366pt.


LaTeX Warning: File `fig2.eps' not found on input line 497.

Package epstopdf Info: Source file: <fig2.eps>
(epstopdf)             Output file: <fig2-eps-converted-to.pdf>
(epstopdf)                    date: 2016-08-21 12:41:04
(epstopdf)                    size: 35991 bytes
(epstopdf)             Command: <repstopdf --outfile=fig2-eps-converted-to.pdf 
fig2.eps>
(epstopdf)             \includegraphics on input line 497.
Package epstopdf Info: Output file is already uptodate.
File: fig2-eps-converted-to.pdf Graphic file (type pdf)
<use fig2-eps-converted-to.pdf>
Package pdftex.def Info: fig2-eps-converted-to.pdf used on input line 497.
(pdftex.def)             Requested size: 146.85081pt x 98.83366pt.


LaTeX Warning: File `fig3.eps' not found on input line 503.

Package epstopdf Info: Source file: <fig3.eps>
(epstopdf)             Output file: <fig3-eps-converted-to.pdf>
(epstopdf)                    date: 2016-08-21 12:41:04
(epstopdf)                    size: 36268 bytes
(epstopdf)             Command: <repstopdf --outfile=fig3-eps-converted-to.pdf 
fig3.eps>
(epstopdf)             \includegraphics on input line 503.
Package epstopdf Info: Output file is already uptodate.
<fig3-eps-converted-to.pdf, id=77, 426.59375pt x 333.245pt>
File: fig3-eps-converted-to.pdf Graphic file (type pdf)

<use fig3-eps-converted-to.pdf>
Package pdftex.def Info: fig3-eps-converted-to.pdf used on input line 503.
(pdftex.def)             Requested size: 140.77637pt x 109.97118pt.


LaTeX Warning: File `fig3.eps' not found on input line 503.

Package epstopdf Info: Source file: <fig3.eps>
(epstopdf)             Output file: <fig3-eps-converted-to.pdf>
(epstopdf)                    date: 2016-08-21 12:41:04
(epstopdf)                    size: 36268 bytes
(epstopdf)             Command: <repstopdf --outfile=fig3-eps-converted-to.pdf 
fig3.eps>
(epstopdf)             \includegraphics on input line 503.
Package epstopdf Info: Output file is already uptodate.
File: fig3-eps-converted-to.pdf Graphic file (type pdf)
<use fig3-eps-converted-to.pdf>
Package pdftex.def Info: fig3-eps-converted-to.pdf used on input line 503.
(pdftex.def)             Requested size: 140.77637pt x 109.97118pt.

Overfull \hbox (0.94562pt too wide) detected at line 504
 [] 
 []

[9 <./fig2-eps-converted-to.pdf> <./fig3-eps-converted-to.pdf>]

LaTeX Warning: File `fig4.eps' not found on input line 592.

Package epstopdf Info: Source file: <fig4.eps>
(epstopdf)             Output file: <fig4-eps-converted-to.pdf>
(epstopdf)                    date: 2016-08-21 12:41:04
(epstopdf)                    size: 10128 bytes
(epstopdf)             Command: <repstopdf --outfile=fig4-eps-converted-to.pdf 
fig4.eps>
(epstopdf)             \includegraphics on input line 592.
Package epstopdf Info: Output file is already uptodate.
<fig4-eps-converted-to.pdf, id=94, 642.4pt x 481.8pt>
File: fig4-eps-converted-to.pdf Graphic file (type pdf)

<use fig4-eps-converted-to.pdf>
Package pdftex.def Info: fig4-eps-converted-to.pdf used on input line 592.
(pdftex.def)             Requested size: 105.99142pt x 75.73795pt.


LaTeX Warning: File `fig5.eps' not found on input line 592.

Package epstopdf Info: Source file: <fig5.eps>
(epstopdf)             Output file: <fig5-eps-converted-to.pdf>
(epstopdf)                    date: 2016-08-21 12:41:04
(epstopdf)                    size: 10508 bytes
(epstopdf)             Command: <repstopdf --outfile=fig5-eps-converted-to.pdf 
fig5.eps>
(epstopdf)             \includegraphics on input line 592.
Package epstopdf Info: Output file is already uptodate.
<fig5-eps-converted-to.pdf, id=95, 642.4pt x 481.8pt>
File: fig5-eps-converted-to.pdf Graphic file (type pdf)

<use fig5-eps-converted-to.pdf>
Package pdftex.def Info: fig5-eps-converted-to.pdf used on input line 592.
(pdftex.def)             Requested size: 105.99142pt x 79.49356pt.


LaTeX Warning: File `fig4.eps' not found on input line 592.

Package epstopdf Info: Source file: <fig4.eps>
(epstopdf)             Output file: <fig4-eps-converted-to.pdf>
(epstopdf)                    date: 2016-08-21 12:41:04
(epstopdf)                    size: 10128 bytes
(epstopdf)             Command: <repstopdf --outfile=fig4-eps-converted-to.pdf 
fig4.eps>
(epstopdf)             \includegraphics on input line 592.
Package epstopdf Info: Output file is already uptodate.
File: fig4-eps-converted-to.pdf Graphic file (type pdf)
<use fig4-eps-converted-to.pdf>
Package pdftex.def Info: fig4-eps-converted-to.pdf used on input line 592.
(pdftex.def)             Requested size: 105.99142pt x 75.73795pt.


LaTeX Warning: File `fig5.eps' not found on input line 592.

Package epstopdf Info: Source file: <fig5.eps>
(epstopdf)             Output file: <fig5-eps-converted-to.pdf>
(epstopdf)                    date: 2016-08-21 12:41:04
(epstopdf)                    size: 10508 bytes
(epstopdf)             Command: <repstopdf --outfile=fig5-eps-converted-to.pdf 
fig5.eps>
(epstopdf)             \includegraphics on input line 592.
Package epstopdf Info: Output file is already uptodate.
File: fig5-eps-converted-to.pdf Graphic file (type pdf)
<use fig5-eps-converted-to.pdf>
Package pdftex.def Info: fig5-eps-converted-to.pdf used on input line 592.
(pdftex.def)             Requested size: 105.99142pt x 79.49356pt.


LaTeX Warning: File `fig6.eps' not found on input line 599.

Package epstopdf Info: Source file: <fig6.eps>
(epstopdf)             Output file: <fig6-eps-converted-to.pdf>
(epstopdf)                    date: 2016-08-21 12:41:04
(epstopdf)                    size: 10472 bytes
(epstopdf)             Command: <repstopdf --outfile=fig6-eps-converted-to.pdf 
fig6.eps>
(epstopdf)             \includegraphics on input line 599.
Package epstopdf Info: Output file is already uptodate.
<fig6-eps-converted-to.pdf, id=96, 642.4pt x 481.8pt>
File: fig6-eps-converted-to.pdf Graphic file (type pdf)

<use fig6-eps-converted-to.pdf>
Package pdftex.def Info: fig6-eps-converted-to.pdf used on input line 599.
(pdftex.def)             Requested size: 105.99142pt x 79.49356pt.


LaTeX Warning: File `fig6.eps' not found on input line 599.

Package epstopdf Info: Source file: <fig6.eps>
(epstopdf)             Output file: <fig6-eps-converted-to.pdf>
(epstopdf)                    date: 2016-08-21 12:41:04
(epstopdf)                    size: 10472 bytes
(epstopdf)             Command: <repstopdf --outfile=fig6-eps-converted-to.pdf 
fig6.eps>
(epstopdf)             \includegraphics on input line 599.
Package epstopdf Info: Output file is already uptodate.
File: fig6-eps-converted-to.pdf Graphic file (type pdf)
<use fig6-eps-converted-to.pdf>
Package pdftex.def Info: fig6-eps-converted-to.pdf used on input line 599.
(pdftex.def)             Requested size: 105.99142pt x 79.49356pt.


LaTeX Warning: File `fig7.eps' not found on input line 608.

Package epstopdf Info: Source file: <fig7.eps>
(epstopdf)             Output file: <fig7-eps-converted-to.pdf>
(epstopdf)                    date: 2016-08-21 12:41:04
(epstopdf)                    size: 10531 bytes
(epstopdf)             Command: <repstopdf --outfile=fig7-eps-converted-to.pdf 
fig7.eps>
(epstopdf)             \includegraphics on input line 608.
Package epstopdf Info: Output file is already uptodate.
<fig7-eps-converted-to.pdf, id=97, 642.4pt x 481.8pt>
File: fig7-eps-converted-to.pdf Graphic file (type pdf)

<use fig7-eps-converted-to.pdf>
Package pdftex.def Info: fig7-eps-converted-to.pdf used on input line 608.
(pdftex.def)             Requested size: 105.05254pt x 79.49356pt.


LaTeX Warning: File `fig7.eps' not found on input line 608.

Package epstopdf Info: Source file: <fig7.eps>
(epstopdf)             Output file: <fig7-eps-converted-to.pdf>
(epstopdf)                    date: 2016-08-21 12:41:04
(epstopdf)                    size: 10531 bytes
(epstopdf)             Command: <repstopdf --outfile=fig7-eps-converted-to.pdf 
fig7.eps>
(epstopdf)             \includegraphics on input line 608.
Package epstopdf Info: Output file is already uptodate.
File: fig7-eps-converted-to.pdf Graphic file (type pdf)
<use fig7-eps-converted-to.pdf>
Package pdftex.def Info: fig7-eps-converted-to.pdf used on input line 608.
(pdftex.def)             Requested size: 105.05254pt x 79.49356pt.


LaTeX Warning: File `fig8.eps' not found on input line 618.

Package epstopdf Info: Source file: <fig8.eps>
(epstopdf)             Output file: <fig8-eps-converted-to.pdf>
(epstopdf)                    date: 2016-08-21 12:41:04
(epstopdf)                    size: 10357 bytes
(epstopdf)             Command: <repstopdf --outfile=fig8-eps-converted-to.pdf 
fig8.eps>
(epstopdf)             \includegraphics on input line 618.
Package epstopdf Info: Output file is already uptodate.
<fig8-eps-converted-to.pdf, id=98, 642.4pt x 481.8pt>
File: fig8-eps-converted-to.pdf Graphic file (type pdf)

<use fig8-eps-converted-to.pdf>
Package pdftex.def Info: fig8-eps-converted-to.pdf used on input line 618.
(pdftex.def)             Requested size: 105.99142pt x 79.49356pt.


LaTeX Warning: File `fig8.eps' not found on input line 618.

Package epstopdf Info: Source file: <fig8.eps>
(epstopdf)             Output file: <fig8-eps-converted-to.pdf>
(epstopdf)                    date: 2016-08-21 12:41:04
(epstopdf)                    size: 10357 bytes
(epstopdf)             Command: <repstopdf --outfile=fig8-eps-converted-to.pdf 
fig8.eps>
(epstopdf)             \includegraphics on input line 618.
Package epstopdf Info: Output file is already uptodate.
File: fig8-eps-converted-to.pdf Graphic file (type pdf)
<use fig8-eps-converted-to.pdf>
Package pdftex.def Info: fig8-eps-converted-to.pdf used on input line 618.
(pdftex.def)             Requested size: 105.99142pt x 79.49356pt.


LaTeX Warning: File `fig9.eps' not found on input line 626.

Package epstopdf Info: Source file: <fig9.eps>
(epstopdf)             Output file: <fig9-eps-converted-to.pdf>
(epstopdf)                    date: 2016-08-21 12:41:04
(epstopdf)                    size: 10686 bytes
(epstopdf)             Command: <repstopdf --outfile=fig9-eps-converted-to.pdf 
fig9.eps>
(epstopdf)             \includegraphics on input line 626.
Package epstopdf Info: Output file is already uptodate.
<fig9-eps-converted-to.pdf, id=99, 642.4pt x 481.8pt>
File: fig9-eps-converted-to.pdf Graphic file (type pdf)

<use fig9-eps-converted-to.pdf>
Package pdftex.def Info: fig9-eps-converted-to.pdf used on input line 626.
(pdftex.def)             Requested size: 105.99142pt x 79.49356pt.


LaTeX Warning: File `fig9.eps' not found on input line 626.

Package epstopdf Info: Source file: <fig9.eps>
(epstopdf)             Output file: <fig9-eps-converted-to.pdf>
(epstopdf)                    date: 2016-08-21 12:41:04
(epstopdf)                    size: 10686 bytes
(epstopdf)             Command: <repstopdf --outfile=fig9-eps-converted-to.pdf 
fig9.eps>
(epstopdf)             \includegraphics on input line 626.
Package epstopdf Info: Output file is already uptodate.
File: fig9-eps-converted-to.pdf Graphic file (type pdf)
<use fig9-eps-converted-to.pdf>
Package pdftex.def Info: fig9-eps-converted-to.pdf used on input line 626.
(pdftex.def)             Requested size: 105.99142pt x 79.49356pt.

Underfull \vbox (badness 10000) has occurred while \output is active []

 [10 <./fig4-eps-converted-to.pdf> <./fig5-eps-converted-to.pdf> <./fig6-eps-co
nverted-to.pdf> <./fig7-eps-converted-to.pdf> <./fig8-eps-converted-to.pdf> <./
fig9-eps-converted-to.pdf>] (./paper.bbl [11]
Missing character: There is no â in font cmr7!
Missing character: There is no € in font cmr7!
Missing character: There is no “ in font cmr7!
)

Package natbib Warning: There were undefined citations.

[12

] (./paper.aux)

LaTeX Warning: There were undefined references.

 ) 
Here is how much of TeX's memory you used:
 5975 strings out of 493014
 85667 string characters out of 6133351
 168618 words of memory out of 5000000
 9397 multiletter control sequences out of 15000+600000
 12741 words of font info for 49 fonts, out of 8000000 for 9000
 1141 hyphenation exceptions out of 8191
 38i,16n,57p,1191b,716s stack positions out of 5000i,500n,10000p,200000b,80000s
</usr/local/texlive/2016/texmf-dist/fonts/type1/public/amsfonts/cm/cmbx10.pfb
></usr/local/texlive/2016/texmf-dist/fonts/type1/public/amsfonts/cm/cmbx12.pfb>
</usr/local/texlive/2016/texmf-dist/fonts/type1/public/amsfonts/cm/cmbx7.pfb></
usr/local/texlive/2016/texmf-dist/fonts/type1/public/amsfonts/cm/cmbx9.pfb></us
r/local/texlive/2016/texmf-dist/fonts/type1/public/amsfonts/cm/cmex10.pfb></usr
/local/texlive/2016/texmf-dist/fonts/type1/public/amsfonts/cm/cmmi10.pfb></usr/
local/texlive/2016/texmf-dist/fonts/type1/public/amsfonts/cm/cmmi5.pfb></usr/lo
cal/texlive/2016/texmf-dist/fonts/type1/public/amsfonts/cm/cmmi7.pfb></usr/loca
l/texlive/2016/texmf-dist/fonts/type1/public/amsfonts/cm/cmr10.pfb></usr/local/
texlive/2016/texmf-dist/fonts/type1/public/amsfonts/cm/cmr6.pfb></usr/local/tex
live/2016/texmf-dist/fonts/type1/public/amsfonts/cm/cmr7.pfb></usr/local/texliv
e/2016/texmf-dist/fonts/type1/public/amsfonts/cm/cmr9.pfb></usr/local/texlive/2
016/texmf-dist/fonts/type1/public/amsfonts/cm/cmsy10.pfb></usr/local/texlive/20
16/texmf-dist/fonts/type1/public/amsfonts/cm/cmsy6.pfb></usr/local/texlive/2016
/texmf-dist/fonts/type1/public/amsfonts/cm/cmsy7.pfb></usr/local/texlive/2016/t
exmf-dist/fonts/type1/public/amsfonts/cm/cmsy9.pfb></usr/local/texlive/2016/tex
mf-dist/fonts/type1/public/amsfonts/cm/cmti10.pfb></usr/local/texlive/2016/texm
f-dist/fonts/type1/public/amsfonts/cm/cmti7.pfb></usr/local/texlive/2016/texmf-
dist/fonts/type1/public/amsfonts/cm/cmti9.pfb></usr/local/texlive/2016/texmf-di
st/fonts/type1/public/amsfonts/cm/cmtt10.pfb></usr/local/texlive/2016/texmf-dis
t/fonts/type1/public/amsfonts/cm/cmtt8.pfb></usr/local/texlive/2016/texmf-dist/
fonts/type1/public/amsfonts/cm/cmtt9.pfb></usr/local/texlive/2016/texmf-dist/fo
nts/type1/public/amsfonts/symbols/msam7.pfb></usr/local/texlive/2016/texmf-dist
/fonts/type1/public/amsfonts/symbols/msbm10.pfb>
Output written on paper.pdf (12 pages, 980214 bytes).
PDF statistics:
 254 PDF objects out of 1000 (max. 8388607)
 178 compressed objects within 2 object streams
 0 named destinations out of 1000 (max. 500000)
 61 words of extra memory for PDF output out of 10000 (max. 10000000)

